<?xml version="1.0" encoding="UTF-8"?>
<testsuite xmlns:xsi="http://www.w3.org/2001/XMLSchema-instance" xsi:noNamespaceSchemaLocation="https://maven.apache.org/surefire/maven-surefire-plugin/xsd/surefire-test-report.xsd" name="com.example.csvreader.EmployeeRestControllerIntegrationTest" time="4.364" tests="1" errors="0" skipped="0" failures="1">
  <properties>
[...]
</properties>
  <testcase name="employeeSal" classname="com.example.csvreader.EmployeeRestControllerIntegrationTest" time="0.154">
    <failure message="No value at JSON path &quot;$.name&quot;" type="java.lang.AssertionError">java.lang.AssertionError: No value at JSON path "$.name"
	at com.example.csvreader.EmployeeRestControllerIntegrationTest.employeeSal(EmployeeRestControllerIntegrationTest.java:52)
Caused by: com.jayway.jsonpath.PathNotFoundException: Expected to find an object with property ['name'] in path $ but found 'net.minidev.json.JSONArray'. This is not a json object according to the JsonProvider: 'com.jayway.jsonpath.spi.json.JsonSmartJsonProvider'.
	at com.example.csvreader.EmployeeRestControllerIntegrationTest.employeeSal(EmployeeRestControllerIntegrationTest.java:52)
</failure>
    <system-out><![CDATA[17:31:57.200 [main] DEBUG org.springframework.test.context.BootstrapUtils - Instantiating CacheAwareContextLoaderDelegate from class [org.springframework.test.context.cache.DefaultCacheAwareContextLoaderDelegate]
17:31:57.209 [main] DEBUG org.springframework.test.context.BootstrapUtils - Instantiating BootstrapContext using constructor [public org.springframework.test.context.support.DefaultBootstrapContext(java.lang.Class,org.springframework.test.context.CacheAwareContextLoaderDelegate)]
17:31:57.240 [main] DEBUG org.springframework.test.context.BootstrapUtils - Instantiating TestContextBootstrapper for test class [com.example.csvreader.EmployeeRestControllerIntegrationTest] from class [org.springframework.boot.test.context.SpringBootTestContextBootstrapper]
17:31:57.256 [main] INFO org.springframework.boot.test.context.SpringBootTestContextBootstrapper - Neither @ContextConfiguration nor @ContextHierarchy found for test class [com.example.csvreader.EmployeeRestControllerIntegrationTest], using SpringBootContextLoader
17:31:57.262 [main] DEBUG org.springframework.test.context.support.AbstractContextLoader - Did not detect default resource location for test class [com.example.csvreader.EmployeeRestControllerIntegrationTest]: class path resource [com/example/csvreader/EmployeeRestControllerIntegrationTest-context.xml] does not exist
17:31:57.262 [main] DEBUG org.springframework.test.context.support.AbstractContextLoader - Did not detect default resource location for test class [com.example.csvreader.EmployeeRestControllerIntegrationTest]: class path resource [com/example/csvreader/EmployeeRestControllerIntegrationTestContext.groovy] does not exist
17:31:57.263 [main] INFO org.springframework.test.context.support.AbstractContextLoader - Could not detect default resource locations for test class [com.example.csvreader.EmployeeRestControllerIntegrationTest]: no resource found for suffixes {-context.xml, Context.groovy}.
17:31:57.264 [main] INFO org.springframework.test.context.support.AnnotationConfigContextLoaderUtils - Could not detect default configuration classes for test class [com.example.csvreader.EmployeeRestControllerIntegrationTest]: EmployeeRestControllerIntegrationTest does not declare any static, non-private, non-final, nested classes annotated with @Configuration.
17:31:57.315 [main] DEBUG org.springframework.test.context.support.ActiveProfilesUtils - Could not find an 'annotation declaring class' for annotation type [org.springframework.test.context.ActiveProfiles] and class [com.example.csvreader.EmployeeRestControllerIntegrationTest]
17:31:57.370 [main] DEBUG org.springframework.context.annotation.ClassPathScanningCandidateComponentProvider - Identified candidate component class: file [/Users/ram/Documents/Cognizant/csvreader/target/classes/com/example/csvreader/CsvreaderApplication.class]
17:31:57.371 [main] INFO org.springframework.boot.test.context.SpringBootTestContextBootstrapper - Found @SpringBootConfiguration com.example.csvreader.CsvreaderApplication for test class com.example.csvreader.EmployeeRestControllerIntegrationTest
17:31:57.452 [main] DEBUG org.springframework.boot.test.context.SpringBootTestContextBootstrapper - @TestExecutionListeners is not present for class [com.example.csvreader.EmployeeRestControllerIntegrationTest]: using defaults.
17:31:57.452 [main] INFO org.springframework.boot.test.context.SpringBootTestContextBootstrapper - Loaded default TestExecutionListener class names from location [META-INF/spring.factories]: [org.springframework.security.test.context.support.WithSecurityContextTestExecutionListener, org.springframework.security.test.context.support.ReactorContextTestExecutionListener, org.springframework.test.context.web.ServletTestExecutionListener, org.springframework.test.context.support.DirtiesContextBeforeModesTestExecutionListener, org.springframework.test.context.support.DependencyInjectionTestExecutionListener, org.springframework.test.context.support.DirtiesContextTestExecutionListener, org.springframework.test.context.transaction.TransactionalTestExecutionListener, org.springframework.test.context.jdbc.SqlScriptsTestExecutionListener, org.springframework.test.context.event.EventPublishingTestExecutionListener, org.springframework.boot.test.mock.mockito.MockitoTestExecutionListener, org.springframework.boot.test.mock.mockito.ResetMocksTestExecutionListener, org.springframework.boot.test.autoconfigure.restdocs.RestDocsTestExecutionListener, org.springframework.boot.test.autoconfigure.web.client.MockRestServiceServerResetTestExecutionListener, org.springframework.boot.test.autoconfigure.web.servlet.MockMvcPrintOnlyOnFailureTestExecutionListener, org.springframework.boot.test.autoconfigure.web.servlet.WebDriverTestExecutionListener]
17:31:57.469 [main] INFO org.springframework.boot.test.context.SpringBootTestContextBootstrapper - Using TestExecutionListeners: [org.springframework.test.context.web.ServletTestExecutionListener@6bc407fd, org.springframework.test.context.support.DirtiesContextBeforeModesTestExecutionListener@291f18, org.springframework.boot.test.mock.mockito.MockitoTestExecutionListener@17d88132, org.springframework.boot.test.autoconfigure.SpringBootDependencyInjectionTestExecutionListener@5ddcc487, org.springframework.test.context.support.DirtiesContextTestExecutionListener@16eccb2e, org.springframework.test.context.transaction.TransactionalTestExecutionListener@5ef5c734, org.springframework.test.context.jdbc.SqlScriptsTestExecutionListener@d771cc9, org.springframework.security.test.context.support.WithSecurityContextTestExecutionListener@36b4091c, org.springframework.test.context.event.EventPublishingTestExecutionListener@4671115f, org.springframework.security.test.context.support.ReactorContextTestExecutionListener@36cda2c2, org.springframework.boot.test.mock.mockito.ResetMocksTestExecutionListener@3697186, org.springframework.boot.test.autoconfigure.restdocs.RestDocsTestExecutionListener@1583741e, org.springframework.boot.test.autoconfigure.web.client.MockRestServiceServerResetTestExecutionListener@5b367418, org.springframework.boot.test.autoconfigure.web.servlet.MockMvcPrintOnlyOnFailureTestExecutionListener@36060e, org.springframework.boot.test.autoconfigure.web.servlet.WebDriverTestExecutionListener@481ba2cf]
17:31:57.474 [main] DEBUG org.springframework.test.context.support.AbstractDirtiesContextTestExecutionListener - Before test class: context [DefaultTestContext@1339e7aa testClass = EmployeeRestControllerIntegrationTest, testInstance = [null], testMethod = [null], testException = [null], mergedContextConfiguration = [WebMergedContextConfiguration@1fb669c3 testClass = EmployeeRestControllerIntegrationTest, locations = '{}', classes = '{class com.example.csvreader.CsvreaderApplication}', contextInitializerClasses = '[]', activeProfiles = '{}', propertySourceLocations = '{}', propertySourceProperties = '{org.springframework.boot.test.context.SpringBootTestContextBootstrapper=true}', contextCustomizers = set[[ImportsContextCustomizer@49c66ade key = [org.springframework.boot.test.autoconfigure.web.servlet.MockMvcAutoConfiguration, org.springframework.boot.test.autoconfigure.web.servlet.MockMvcWebClientAutoConfiguration, org.springframework.boot.test.autoconfigure.web.servlet.MockMvcWebDriverAutoConfiguration, org.springframework.boot.autoconfigure.security.servlet.SecurityAutoConfiguration, org.springframework.boot.autoconfigure.security.servlet.UserDetailsServiceAutoConfiguration, org.springframework.boot.test.autoconfigure.web.servlet.MockMvcSecurityConfiguration]], org.springframework.boot.test.context.filter.ExcludeFilterContextCustomizer@5d7148e2, org.springframework.boot.test.json.DuplicateJsonObjectContextCustomizerFactory$DuplicateJsonObjectContextCustomizer@2c35e847, org.springframework.boot.test.mock.mockito.MockitoContextCustomizer@f21c8e00, org.springframework.boot.test.web.client.TestRestTemplateContextCustomizer@21282ed8, org.springframework.boot.test.autoconfigure.properties.PropertyMappingContextCustomizer@4b3fa0b3, org.springframework.boot.test.autoconfigure.web.servlet.WebDriverContextCustomizerFactory$Customizer@4efac082], resourceBasePath = 'src/main/webapp', contextLoader = 'org.springframework.boot.test.context.SpringBootContextLoader', parent = [null]], attributes = map['org.springframework.test.context.web.ServletTestExecutionListener.activateListener' -> true]], class annotated with @DirtiesContext [false] with mode [null].
17:31:57.507 [main] DEBUG org.springframework.test.context.support.TestPropertySourceUtils - Adding inlined properties to environment: {spring.jmx.enabled=false, org.springframework.boot.test.context.SpringBootTestContextBootstrapper=true, server.port=-1}

  .   ____          _            __ _ _
 /\\ / ___'_ __ _ _(_)_ __  __ _ \ \ \ \
( ( )\___ | '_ | '_| | '_ \/ _` | \ \ \ \
 \\/  ___)| |_)| | | | | || (_| |  ) ) ) )
  '  |____| .__|_| |_|_| |_\__, | / / / /
 =========|_|==============|___/=/_/_/_/
 :: Spring Boot ::        (v2.2.4.RELEASE)

2020-02-14 17:31:57.934  INFO 36195 --- [           main] .c.EmployeeRestControllerIntegrationTest : Starting EmployeeRestControllerIntegrationTest on Ramanathans-MacBook-Pro.local with PID 36195 (started by ram in /Users/ram/Documents/Cognizant/csvreader)
2020-02-14 17:31:57.936  INFO 36195 --- [           main] .c.EmployeeRestControllerIntegrationTest : No active profile set, falling back to default profiles: default
2020-02-14 17:31:58.480  INFO 36195 --- [           main] .s.d.r.c.RepositoryConfigurationDelegate : Bootstrapping Spring Data JPA repositories in DEFAULT mode.
2020-02-14 17:31:58.535  INFO 36195 --- [           main] .s.d.r.c.RepositoryConfigurationDelegate : Finished Spring Data repository scanning in 47ms. Found 1 JPA repository interfaces.
2020-02-14 17:31:59.241  INFO 36195 --- [           main] trationDelegate$BeanPostProcessorChecker : Bean 'org.springframework.transaction.annotation.ProxyTransactionManagementConfiguration' of type [org.springframework.transaction.annotation.ProxyTransactionManagementConfiguration] is not eligible for getting processed by all BeanPostProcessors (for example: not eligible for auto-proxying)
2020-02-14 17:31:59.449  INFO 36195 --- [           main] o.hibernate.jpa.internal.util.LogHelper  : HHH000204: Processing PersistenceUnitInfo [name: default]
2020-02-14 17:31:59.520  INFO 36195 --- [           main] org.hibernate.Version                    : HHH000412: Hibernate Core {5.4.10.Final}
2020-02-14 17:31:59.551  INFO 36195 --- [           main] o.hibernate.annotations.common.Version   : HCANN000001: Hibernate Commons Annotations {5.1.0.Final}
2020-02-14 17:31:59.646  INFO 36195 --- [           main] com.zaxxer.hikari.HikariDataSource       : HikariPool-1 - Starting...
2020-02-14 17:31:59.795  INFO 36195 --- [           main] com.zaxxer.hikari.HikariDataSource       : HikariPool-1 - Start completed.
2020-02-14 17:31:59.807  INFO 36195 --- [           main] org.hibernate.dialect.Dialect            : HHH000400: Using dialect: org.hibernate.dialect.MySQL5InnoDBDialect
2020-02-14 17:32:00.214  INFO 36195 --- [           main] o.h.e.t.j.p.i.JtaPlatformInitiator       : HHH000490: Using JtaPlatform implementation: [org.hibernate.engine.transaction.jta.platform.internal.NoJtaPlatform]
2020-02-14 17:32:00.219  INFO 36195 --- [           main] j.LocalContainerEntityManagerFactoryBean : Initialized JPA EntityManagerFactory for persistence unit 'default'
2020-02-14 17:32:00.745  WARN 36195 --- [           main] JpaBaseConfiguration$JpaWebConfiguration : spring.jpa.open-in-view is enabled by default. Therefore, database queries may be performed during view rendering. Explicitly configure spring.jpa.open-in-view to disable this warning
2020-02-14 17:32:00.946  INFO 36195 --- [           main] o.s.s.concurrent.ThreadPoolTaskExecutor  : Initializing ExecutorService 'applicationTaskExecutor'
2020-02-14 17:32:01.289  INFO 36195 --- [           main] o.s.b.t.m.w.SpringBootMockServletContext : Initializing Spring TestDispatcherServlet ''
2020-02-14 17:32:01.289  INFO 36195 --- [           main] o.s.t.web.servlet.TestDispatcherServlet  : Initializing Servlet ''
2020-02-14 17:32:01.299  INFO 36195 --- [           main] o.s.t.web.servlet.TestDispatcherServlet  : Completed initialization in 10 ms
2020-02-14 17:32:01.318  INFO 36195 --- [           main] .c.EmployeeRestControllerIntegrationTest : Started EmployeeRestControllerIntegrationTest in 3.801 seconds (JVM running for 4.693)

MockHttpServletRequest:
      HTTP Method = GET
      Request URI = /users
       Parameters = {}
          Headers = []
             Body = null
    Session Attrs = {}

Handler:
             Type = com.example.csvreader.controller.EmployeeController
           Method = com.example.csvreader.controller.EmployeeController#getUsers()

Async:
    Async started = false
     Async result = null

Resolved Exception:
             Type = null

ModelAndView:
        View name = null
             View = null
            Model = null

FlashMap:
       Attributes = null

MockHttpServletResponse:
           Status = 200
    Error message = null
          Headers = [Content-Type:"application/json"]
     Content type = application/json
             Body = [{"name":"Number1","age":34,"salary":1000.0,"address":"Tampines"}]
    Forwarded URL = null
   Redirected URL = null
          Cookies = []
]]></system-out>
  </testcase>
</testsuite>